<?xml version="1.0" encoding="UTF-8"?>
<testng-results ignored="0" total="2" passed="2" failed="0" skipped="0">
  <reporter-output>
  </reporter-output>
  <suite started-at="2023-11-01T12:34:01 IST" name="Loan Department Suite" finished-at="2023-11-01T12:34:02 IST" duration-ms="76">
    <groups>
    </groups>
    <test started-at="2023-11-01T12:34:01 IST" name="TestSuite" finished-at="2023-11-01T12:34:02 IST" duration-ms="76">
      <class name="com.testng.demo.TestNGDemo1">
        <test-method signature="demoTesta()[pri:0, instance:com.testng.demo.TestNGDemo1@6fd83fc1]" started-at="2023-11-01T12:34:02 IST" name="demoTesta" finished-at="2023-11-01T12:34:02 IST" duration-ms="10" status="PASS">
          <reporter-output>
          </reporter-output>
        </test-method> <!-- demoTesta -->
        <test-method signature="demoTestb()[pri:0, instance:com.testng.demo.TestNGDemo1@6fd83fc1]" started-at="2023-11-01T12:34:02 IST" name="demoTestb" finished-at="2023-11-01T12:34:02 IST" duration-ms="2" status="PASS">
          <reporter-output>
          </reporter-output>
        </test-method> <!-- demoTestb -->
      </class> <!-- com.testng.demo.TestNGDemo1 -->
    </test> <!-- TestSuite -->
  </suite> <!-- Loan Department Suite -->
</testng-results>
