<?xml version="1.0" encoding="UTF-8"?>
<!-- Generated by org.testng.reporters.JUnitXMLReporter -->
<testsuite ignored="0" hostname="INDELNB1101" failures="0" tests="3" name="Car Loan Test" time="0.024" errors="0" timestamp="2023-10-31T13:03:57 IST">
  <testcase classname="com.testng.demo.TestNGDemo2" name="DemoTest3" time="0.001"/>
  <testcase classname="com.testng.demo.TestNGDemo2" name="DemoTest4" time="0.001"/>
  <testcase classname="com.testng.demo.TestNGDemo2" name="DemoTest5" time="0.0"/>
</testsuite> <!-- Car Loan Test -->
