<?xml version="1.0" encoding="UTF-8"?>
<testng-results ignored="0" total="2" passed="2" failed="0" skipped="0">
  <reporter-output>
  </reporter-output>
  <suite started-at="2023-11-01T10:54:08 IST" name="Default suite" finished-at="2023-11-01T10:54:08 IST" duration-ms="104">
    <groups>
    </groups>
    <test started-at="2023-11-01T10:54:08 IST" name="Default test" finished-at="2023-11-01T10:54:08 IST" duration-ms="104">
      <class name="com.testng.demo.TestNGDemo1">
        <test-method signature="demoTesta(java.lang.String,java.lang.String)[pri:0, instance:com.testng.demo.TestNGDemo1@6221a451]" started-at="2023-11-01T10:54:08 IST" name="demoTesta" data-provider="testData" finished-at="2023-11-01T10:54:08 IST" duration-ms="15" status="PASS">
          <params>
            <param index="0">
              <value>
                <![CDATA[1st User]]>
              </value>
            </param>
            <param index="1">
              <value>
                <![CDATA[1st Pass]]>
              </value>
            </param>
          </params>
          <reporter-output>
          </reporter-output>
        </test-method> <!-- demoTesta -->
        <test-method signature="demoTesta(java.lang.String,java.lang.String)[pri:0, instance:com.testng.demo.TestNGDemo1@6221a451]" started-at="2023-11-01T10:54:08 IST" name="demoTesta" data-provider="testData" finished-at="2023-11-01T10:54:08 IST" duration-ms="3" status="PASS">
          <params>
            <param index="0">
              <value>
                <![CDATA[2nd User]]>
              </value>
            </param>
            <param index="1">
              <value>
                <![CDATA[2nd Pass]]>
              </value>
            </param>
          </params>
          <reporter-output>
          </reporter-output>
        </test-method> <!-- demoTesta -->
      </class> <!-- com.testng.demo.TestNGDemo1 -->
    </test> <!-- Default test -->
  </suite> <!-- Default suite -->
</testng-results>
