<?xml version="1.0" encoding="UTF-8"?>
<testng-results ignored="0" total="1" passed="1" failed="0" skipped="0">
  <reporter-output>
  </reporter-output>
  <suite started-at="2023-11-01T10:13:26 IST" name="Loan Department Suite" finished-at="2023-11-01T10:13:26 IST" duration-ms="165">
    <groups>
    </groups>
    <test started-at="2023-11-01T10:13:26 IST" name=" Personal Loan Test" finished-at="2023-11-01T10:13:26 IST" duration-ms="165">
      <class name="com.testng.demo.TestNGDemo1">
        <test-method signature="demoTesta(java.lang.String)[pri:0, instance:com.testng.demo.TestNGDemo1@1b2abca6]" started-at="2023-11-01T10:13:26 IST" name="demoTesta" finished-at="2023-11-01T10:13:26 IST" duration-ms="33" status="PASS">
          <params>
            <param index="0">
              <value>
                <![CDATA[SuiteVariable]]>
              </value>
            </param>
          </params>
          <reporter-output>
          </reporter-output>
        </test-method> <!-- demoTesta -->
      </class> <!-- com.testng.demo.TestNGDemo1 -->
    </test> <!--  Personal Loan Test -->
  </suite> <!-- Loan Department Suite -->
</testng-results>
