<?xml version="1.0" encoding="UTF-8"?>
<testng-results ignored="0" total="2" passed="2" failed="0" skipped="0">
  <reporter-output>
  </reporter-output>
  <suite started-at="2023-11-01T10:12:55 IST" name="Default suite" finished-at="2023-11-01T10:12:56 IST" duration-ms="119">
    <groups>
    </groups>
    <test started-at="2023-11-01T10:12:55 IST" name="Default test" finished-at="2023-11-01T10:12:56 IST" duration-ms="119">
      <class name="com.testng.demo.TestNGDemo1">
        <test-method signature="DemoTest()[pri:0, instance:com.testng.demo.TestNGDemo1@273e7444]" started-at="2023-11-01T10:12:56 IST" name="DemoTest" finished-at="2023-11-01T10:12:56 IST" duration-ms="15" status="PASS">
          <reporter-output>
          </reporter-output>
        </test-method> <!-- DemoTest -->
        <test-method signature="DemoTest2()[pri:0, instance:com.testng.demo.TestNGDemo1@273e7444]" started-at="2023-11-01T10:12:56 IST" name="DemoTest2" finished-at="2023-11-01T10:12:56 IST" duration-ms="6" status="PASS">
          <reporter-output>
          </reporter-output>
        </test-method> <!-- DemoTest2 -->
      </class> <!-- com.testng.demo.TestNGDemo1 -->
    </test> <!-- Default test -->
  </suite> <!-- Default suite -->
</testng-results>
