<?xml version="1.0" encoding="UTF-8"?>
<!-- Generated by org.testng.reporters.JUnitXMLReporter -->
<testsuite ignored="0" hostname="INDELNB1101" failures="0" tests="5" name=" Personal Loan Test" time="0.077" errors="0" timestamp="2023-10-31T15:05:35 IST">
  <testcase classname="com.testng.demo.TestNGDemo1" name="demoTest11" time="0.008"/>
  <testcase classname="com.testng.demo.TestNGDemo1" name="demoTest12" time="0.001"/>
  <testcase classname="com.testng.demo.TestNGDemo2" name="demoTest21" time="0.001"/>
  <testcase classname="com.testng.demo.TestNGDemo2" name="demoTest22" time="0.003"/>
  <testcase classname="com.testng.demo.TestNGDemo2" name="demoTest23" time="0.002"/>
</testsuite> <!--  Personal Loan Test -->
