<?xml version="1.0" encoding="UTF-8"?>
<!-- Generated by org.testng.reporters.JUnitXMLReporter -->
<testsuite ignored="0" hostname="INDELNB1101" failures="0" tests="5" name=" Personal Loan Test" time="0.203" errors="0" timestamp="2023-11-01T02:21:45 IST">
  <testcase classname="com.testng.demo.TestNGDemo1" name="demoTestd" time="0.02"/>
  <testcase classname="com.testng.demo.TestNGDemo1" name="demoTeste" time="0.004"/>
  <testcase classname="com.testng.demo.TestNGDemo1" name="demoTesta" time="0.004"/>
  <testcase classname="com.testng.demo.TestNGDemo1" name="demoTestc" time="0.018"/>
  <testcase classname="com.testng.demo.TestNGDemo1" name="demoTestb" time="0.002"/>
</testsuite> <!--  Personal Loan Test -->
