<?xml version="1.0" encoding="UTF-8"?>
<testng-results ignored="0" total="3" passed="3" failed="0" skipped="0">
  <reporter-output>
  </reporter-output>
  <suite started-at="2023-10-31T13:26:04 IST" name="Loan Department Suite" finished-at="2023-10-31T13:26:04 IST" duration-ms="149">
    <groups>
    </groups>
    <test started-at="2023-10-31T13:26:04 IST" name=" Personal Loan Test" finished-at="2023-10-31T13:26:04 IST" duration-ms="61">
      <class name="com.testng.demo.TestNGDemo1">
        <test-method signature="demoTest11()[pri:0, instance:com.testng.demo.TestNGDemo1@209da20d]" started-at="2023-10-31T13:26:04 IST" name="demoTest11" finished-at="2023-10-31T13:26:04 IST" duration-ms="10" status="PASS">
          <reporter-output>
          </reporter-output>
        </test-method> <!-- demoTest11 -->
      </class> <!-- com.testng.demo.TestNGDemo1 -->
    </test> <!--  Personal Loan Test -->
    <test started-at="2023-10-31T13:26:04 IST" name="Car Loan Test" finished-at="2023-10-31T13:26:04 IST" duration-ms="12">
      <class name="com.testng.demo.TestNGDemo2">
        <test-method signature="demoTest21()[pri:0, instance:com.testng.demo.TestNGDemo2@25641d39]" started-at="2023-10-31T13:26:04 IST" name="demoTest21" finished-at="2023-10-31T13:26:04 IST" duration-ms="1" status="PASS">
          <reporter-output>
          </reporter-output>
        </test-method> <!-- demoTest21 -->
        <test-method signature="demoTest22()[pri:0, instance:com.testng.demo.TestNGDemo2@25641d39]" started-at="2023-10-31T13:26:04 IST" name="demoTest22" finished-at="2023-10-31T13:26:04 IST" duration-ms="2" status="PASS">
          <reporter-output>
          </reporter-output>
        </test-method> <!-- demoTest22 -->
      </class> <!-- com.testng.demo.TestNGDemo2 -->
    </test> <!-- Car Loan Test -->
  </suite> <!-- Loan Department Suite -->
</testng-results>
