<?xml version="1.0" encoding="UTF-8"?>
<!-- Generated by org.testng.reporters.JUnitXMLReporter -->
<testsuite ignored="0" hostname="INDELNB1101" failures="0" tests="3" name="Default test" time="0.146" errors="0" timestamp="2023-11-01T01:08:26 IST">
  <testcase classname="com.testng.demo.TestNGDemo3" name="demoTest31" time="0.022"/>
  <testcase classname="com.testng.demo.TestNGDemo3" name="demoTest32" time="0.002"/>
  <testcase classname="com.testng.demo.TestNGDemo3" name="demoTest33" time="0.003"/>
</testsuite> <!-- Default test -->
