<?xml version="1.0" encoding="UTF-8"?>
<!-- Generated by org.testng.reporters.JUnitXMLReporter -->
<testsuite ignored="1" hostname="INDELNB1101" failures="0" tests="1" name=" Personal Loan Test" time="0.061" errors="0" timestamp="2023-10-31T13:26:04 IST">
  <testcase classname="com.testng.demo.TestNGDemo1" name="demoTest11" time="0.01"/>
  <testcase classname="com.testng.demo.TestNGDemo1" name="demoTest12" time="0.0">
    <ignored/>
  </testcase> <!-- demoTest12 -->
</testsuite> <!--  Personal Loan Test -->
