<?xml version="1.0" encoding="UTF-8"?>
<!-- Generated by org.testng.reporters.JUnitXMLReporter -->
<testsuite ignored="1" hostname="INDELNB1101" failures="0" tests="2" name="Car Loan Test" time="0.012" errors="0" timestamp="2023-10-31T13:26:04 IST">
  <testcase classname="com.testng.demo.TestNGDemo2" name="demoTest21" time="0.001"/>
  <testcase classname="com.testng.demo.TestNGDemo2" name="demoTest22" time="0.002"/>
  <testcase classname="com.testng.demo.TestNGDemo2" name="demoTest23" time="0.0">
    <ignored/>
  </testcase> <!-- demoTest23 -->
</testsuite> <!-- Car Loan Test -->
