<?xml version="1.0" encoding="UTF-8"?>
<!-- Generated by org.testng.reporters.JUnitXMLReporter -->
<testsuite ignored="3" hostname="INDELNB1101" failures="0" tests="0" time="0.001" errors="0" timestamp="2023-10-31T15:00:21 IST">
  <testcase classname="com.testng.demo.TestNGDemo2" name="demoTest23" time="0.0">
    <ignored/>
  </testcase> <!-- demoTest23 -->
  <testcase classname="com.testng.demo.TestNGDemo2" name="demoTest22" time="0.0">
    <ignored/>
  </testcase> <!-- demoTest22 -->
  <testcase classname="com.testng.demo.TestNGDemo2" name="demoTest21" time="0.0">
    <ignored/>
  </testcase> <!-- demoTest21 -->
</testsuite>
