<?xml version="1.0" encoding="UTF-8"?>
<!-- Generated by org.testng.reporters.JUnitXMLReporter -->
<testsuite ignored="6" hostname="INDELNB1101" failures="0" tests="2" name=" Personal Loan Test" time="0.144" errors="0" timestamp="2023-11-01T01:09:57 IST">
  <testcase classname="com.testng.demo.TestNGDemo2" name="demoTest21" time="0.018"/>
  <testcase classname="com.testng.demo.TestNGDemo3" name="demoTest33" time="0.003"/>
  <testcase classname="com.testng.demo.TestNGDemo2" name="demoTest23" time="0.0">
    <ignored/>
  </testcase> <!-- demoTest23 -->
  <testcase classname="com.testng.demo.TestNGDemo2" name="demoTest22" time="0.0">
    <ignored/>
  </testcase> <!-- demoTest22 -->
  <testcase classname="com.testng.demo.TestNGDemo1" name="demoTest11" time="0.0">
    <ignored/>
  </testcase> <!-- demoTest11 -->
  <testcase classname="com.testng.demo.TestNGDemo3" name="demoTest32" time="0.0">
    <ignored/>
  </testcase> <!-- demoTest32 -->
  <testcase classname="com.testng.demo.TestNGDemo3" name="demoTest31" time="0.0">
    <ignored/>
  </testcase> <!-- demoTest31 -->
  <testcase classname="com.testng.demo.TestNGDemo1" name="demoTest12" time="0.0">
    <ignored/>
  </testcase> <!-- demoTest12 -->
</testsuite> <!--  Personal Loan Test -->
