<?xml version="1.0" encoding="UTF-8"?>
<testng-results ignored="0" total="5" passed="5" failed="0" skipped="0">
  <reporter-output>
  </reporter-output>
  <suite started-at="2023-10-31T13:03:57 IST" name="Lone Department Suite" finished-at="2023-10-31T13:03:57 IST" duration-ms="158">
    <groups>
    </groups>
    <test started-at="2023-10-31T13:03:57 IST" name=" Personal Loan Test" finished-at="2023-10-31T13:03:57 IST" duration-ms="62">
      <class name="com.testng.demo.TestNGDemo1">
        <test-method signature="DemoTest()[pri:0, instance:com.testng.demo.TestNGDemo1@52af26ee]" started-at="2023-10-31T13:03:57 IST" name="DemoTest" finished-at="2023-10-31T13:03:57 IST" duration-ms="8" status="PASS">
          <reporter-output>
          </reporter-output>
        </test-method> <!-- DemoTest -->
        <test-method signature="DemoTest2()[pri:0, instance:com.testng.demo.TestNGDemo1@52af26ee]" started-at="2023-10-31T13:03:57 IST" name="DemoTest2" finished-at="2023-10-31T13:03:57 IST" duration-ms="2" status="PASS">
          <reporter-output>
          </reporter-output>
        </test-method> <!-- DemoTest2 -->
      </class> <!-- com.testng.demo.TestNGDemo1 -->
    </test> <!--  Personal Loan Test -->
    <test started-at="2023-10-31T13:03:57 IST" name="Car Loan Test" finished-at="2023-10-31T13:03:57 IST" duration-ms="24">
      <class name="com.testng.demo.TestNGDemo2">
        <test-method signature="DemoTest3()[pri:0, instance:com.testng.demo.TestNGDemo2@4a883b15]" started-at="2023-10-31T13:03:57 IST" name="DemoTest3" finished-at="2023-10-31T13:03:57 IST" duration-ms="1" status="PASS">
          <reporter-output>
          </reporter-output>
        </test-method> <!-- DemoTest3 -->
        <test-method signature="DemoTest4()[pri:0, instance:com.testng.demo.TestNGDemo2@4a883b15]" started-at="2023-10-31T13:03:57 IST" name="DemoTest4" finished-at="2023-10-31T13:03:57 IST" duration-ms="1" status="PASS">
          <reporter-output>
          </reporter-output>
        </test-method> <!-- DemoTest4 -->
        <test-method signature="DemoTest5()[pri:0, instance:com.testng.demo.TestNGDemo2@4a883b15]" started-at="2023-10-31T13:03:57 IST" name="DemoTest5" finished-at="2023-10-31T13:03:57 IST" duration-ms="0" status="PASS">
          <reporter-output>
          </reporter-output>
        </test-method> <!-- DemoTest5 -->
      </class> <!-- com.testng.demo.TestNGDemo2 -->
    </test> <!-- Car Loan Test -->
  </suite> <!-- Lone Department Suite -->
</testng-results>
